<?xml version="1.0" encoding="UTF-8"?>
<!-- Generated by org.testng.reporters.JUnitReportReporter -->
<testsuite hostname="DESKTOP-UOUIF1Q" failures="0" tests="4" name="UserPage.RightsTest" time="22.327" errors="0" timestamp="07 Jun 2018 17:17:57 GMT" skipped="0">
  <testcase classname="UserPage.RightsTest" name="loginWithAdmin" time="5.458"/>
  <testcase classname="UserPage.RightsTest" name="loginWithTouchpointUser" time="5.244"/>
  <testcase classname="UserPage.RightsTest" name="reachPagesWithTouchUser" time="5.300"/>
  <testcase classname="UserPage.RightsTest" name="reachPagesWithAdmin" time="6.325"/>
</testsuite> <!-- UserPage.RightsTest -->
