<?xml version="1.0" encoding="UTF-8"?>
<!-- Generated by org.testng.reporters.JUnitReportReporter -->
<testsuite hostname="DESKTOP-UOUIF1Q" failures="0" tests="5" name="LoginPage.LoginPageTest" time="26.860" errors="0" timestamp="08 Jun 2018 15:57:26 GMT" skipped="0">
  <testcase classname="LoginPage.LoginPageTest" name="redirectedToInvalidLoginPage" time="5.191"/>
  <testcase classname="LoginPage.LoginPageTest" name="loginAfterWrongDetails" time="6.416"/>
  <testcase classname="LoginPage.LoginPageTest" name="messageAppearsAfterWrongLoginDetails" time="5.299"/>
  <testcase classname="LoginPage.LoginPageTest" name="touchIsAvailable" time="4.451"/>
  <testcase classname="LoginPage.LoginPageTest" name="loginIntoTouch" time="5.503"/>
</testsuite> <!-- LoginPage.LoginPageTest -->
