<?xml version="1.0" encoding="UTF-8"?>
<!-- Generated by org.testng.reporters.JUnitReportReporter -->
<testsuite skipped="0" hostname="DESKTOP-1GP91JD" name="TouchpointPage.TouchpointPageTest" tests="3" failures="0" timestamp="31 May 2018 12:58:49 GMT" time="24.286" errors="0">
  <testcase name="touchpointIsReachable" time="7.530" classname="TouchpointPage.TouchpointPageTest"/>
  <testcase name="third" time="8.074" classname="TouchpointPage.TouchpointPageTest"/>
  <testcase name="second" time="8.682" classname="TouchpointPage.TouchpointPageTest"/>
</testsuite> <!-- TouchpointPage.TouchpointPageTest -->
