<?xml version="1.0" encoding="UTF-8"?>
<!-- Generated by org.testng.reporters.JUnitReportReporter -->
<testsuite hostname="DESKTOP-UOUIF1Q" failures="0" tests="9" name="UserProfilePage.UserProfilePageMixedUserTest" time="55.828" errors="0" timestamp="08 Jun 2018 15:57:25 GMT" skipped="1">
  <testcase classname="UserProfilePage.UserProfilePageMixedUserTest" name="UserProfileMixedUserPageIsAvailable" time="6.845"/>
  <testcase classname="UserProfilePage.UserProfilePageMixedUserTest" name="UserProfileMixedUserClickOnLogoutButton" time="7.806"/>
  <testcase classname="UserProfilePage.UserProfilePageMixedUserTest" name="UserProfileMixedUserTestBreadcrumb" time="6.403"/>
  <testcase classname="UserProfilePage.UserProfilePageMixedUserTest" name="UserProfileMixedUserUserIconDirection" time="6.797"/>
  <testcase classname="UserProfilePage.UserProfilePageMixedUserTest" name="UserProfileMixedUserMetLifeIconDirection" time="6.806"/>
  <testcase classname="UserProfilePage.UserProfilePageMixedUserTest" name="UserProfileMixedUserHamburgerMenuElementsAreAvailable" time="7.405"/>
  <testcase classname="UserProfilePage.UserProfilePageMixedUserTest" name="UserProfileMixedUserClickOnBackButtonAfterLogin" time="7.398"/>
  <testcase classname="UserProfilePage.UserProfilePageMixedUserTest" name="UserProfileMixedUserPermissionsAreVisibleAsAdmin" time="6.368"/>
  <testcase classname="UserProfilePage.UserProfilePageMixedUserTest" name="clickOnBackButtonFromAnotherPage">
    <skipped/>
  </testcase> <!-- clickOnBackButtonFromAnotherPage -->
</testsuite> <!-- UserProfilePage.UserProfilePageMixedUserTest -->
