<?xml version="1.0" encoding="UTF-8"?>
<!-- Generated by org.testng.reporters.JUnitReportReporter -->
<testsuite skipped="0" hostname="DESKTOP-1GP91JD" name="LoginPageTest.LoginPageTest" tests="5" failures="0" timestamp="31 May 2018 12:58:49 GMT" time="30.573" errors="0">
  <testcase name="loginAfterWrongdetails" time="6.437" classname="LoginPageTest.LoginPageTest"/>
  <testcase name="loginIntoTouch" time="5.683" classname="LoginPageTest.LoginPageTest"/>
  <testcase name="messageApperAfterWrongLoginDetails" time="6.018" classname="LoginPageTest.LoginPageTest"/>
  <testcase name="redirectedToInvalidLoginPage" time="5.289" classname="LoginPageTest.LoginPageTest"/>
  <testcase name="touchIsAvailable" time="7.146" classname="LoginPageTest.LoginPageTest"/>
</testsuite> <!-- LoginPageTest.LoginPageTest -->
