<?xml version="1.0" encoding="UTF-8"?>
<!-- Generated by org.testng.reporters.JUnitReportReporter -->
<testsuite hostname="DESKTOP-UOUIF1Q" failures="0" tests="9" name="UserProfilePage.UserProfilePageJurisdictionUserTest" time="55.461" errors="0" timestamp="08 Jun 2018 15:57:25 GMT" skipped="1">
  <testcase classname="UserProfilePage.UserProfilePageJurisdictionUserTest" name="UserProfileJurisdictionUserClickOnBackButtonAfterLogin" time="7.417"/>
  <testcase classname="UserProfilePage.UserProfilePageJurisdictionUserTest" name="UserProfileJurisdictionUserClickOnLogoutButton" time="6.438"/>
  <testcase classname="UserProfilePage.UserProfilePageJurisdictionUserTest" name="UserProfileJurisdictionUserUserIconDirection" time="7.568"/>
  <testcase classname="UserProfilePage.UserProfilePageJurisdictionUserTest" name="UserProfileJurisdictionUserTestBreadcrumb" time="6.592"/>
  <testcase classname="UserProfilePage.UserProfilePageJurisdictionUserTest" name="UserProfileJurisdictionUserPageIsAvailable" time="7.075"/>
  <testcase classname="UserProfilePage.UserProfilePageJurisdictionUserTest" name="UserProfileJurisdictionUserHamburgerMenuElementsAreAvailable" time="6.631"/>
  <testcase classname="UserProfilePage.UserProfilePageJurisdictionUserTest" name="UserProfileJurisdictionUserMetLifeIconDirection" time="7.280"/>
  <testcase classname="UserProfilePage.UserProfilePageJurisdictionUserTest" name="UserProfileJurisdictionUserPermissionIsVisibleAsJurisdiction" time="6.460"/>
  <testcase classname="UserProfilePage.UserProfilePageJurisdictionUserTest" name="clickOnBackButtonFromAnotherPage">
    <skipped/>
  </testcase> <!-- clickOnBackButtonFromAnotherPage -->
</testsuite> <!-- UserProfilePage.UserProfilePageJurisdictionUserTest -->
