<?xml version="1.0" encoding="UTF-8"?>
<!-- Generated by org.testng.reporters.JUnitReportReporter -->
<testsuite hostname="DESKTOP-UOUIF1Q" failures="0" tests="9" name="UserProfilePage.UserProfilePageAdminUserTest" time="57.358" errors="0" timestamp="08 Jun 2018 15:57:26 GMT" skipped="1">
  <testcase classname="UserProfilePage.UserProfilePageAdminUserTest" name="UserProfileAdminMetLifeIconDirection" time="7.688"/>
  <testcase classname="UserProfilePage.UserProfilePageAdminUserTest" name="UserProfileAdminHamburgerMenuElementsAreAvailable" time="8.822"/>
  <testcase classname="UserProfilePage.UserProfilePageAdminUserTest" name="UserProfileAdminUserIconDirection" time="7.081"/>
  <testcase classname="UserProfilePage.UserProfilePageAdminUserTest" name="UserProfileAdminClickOnBackButtonAfterLogin" time="7.774"/>
  <testcase classname="UserProfilePage.UserProfilePageAdminUserTest" name="UserProfileAdminTestBreadcrumb" time="6.175"/>
  <testcase classname="UserProfilePage.UserProfilePageAdminUserTest" name="UserProfileAdminPageIsAvailable" time="6.310"/>
  <testcase classname="UserProfilePage.UserProfilePageAdminUserTest" name="UserProfileAdminClickOnLogoutButton" time="7.183"/>
  <testcase classname="UserProfilePage.UserProfilePageAdminUserTest" name="UserProfileAdminPermissionIsVisibleAsAdmin" time="6.325"/>
  <testcase classname="UserProfilePage.UserProfilePageAdminUserTest" name="UserProfileAdminClickOnBackButtonFromAnotherPage">
    <skipped/>
  </testcase> <!-- UserProfileAdminClickOnBackButtonFromAnotherPage -->
</testsuite> <!-- UserProfilePage.UserProfilePageAdminUserTest -->
