<?xml version="1.0" encoding="UTF-8"?>
<!-- Generated by org.testng.reporters.JUnitReportReporter -->
<testsuite hostname="DESKTOP-UOUIF1Q" failures="0" tests="7" name="AboutTouchPage.AboutTouchPageTest" time="48.892" errors="0" timestamp="08 Jun 2018 15:57:26 GMT" skipped="0">
  <testcase classname="AboutTouchPage.AboutTouchPageTest" name="AboutTouchHamburgerMenuElementsAreAvailableAsJurisdiction" time="6.629"/>
  <testcase classname="AboutTouchPage.AboutTouchPageTest" name="AboutTouchHamburgerMenuElementsAreAvailableAsMixedUser" time="7.303"/>
  <testcase classname="AboutTouchPage.AboutTouchPageTest" name="AboutTouchTestBreadcrumb" time="6.671"/>
  <testcase classname="AboutTouchPage.AboutTouchPageTest" name="AboutTouchMetLifeIconDirection" time="6.956"/>
  <testcase classname="AboutTouchPage.AboutTouchPageTest" name="AboutTouchUserIconDirection" time="8.332"/>
  <testcase classname="AboutTouchPage.AboutTouchPageTest" name="AboutTouchHamburgerMenuElementsAreAvailableAsAdmin" time="6.584"/>
  <testcase classname="AboutTouchPage.AboutTouchPageTest" name="AboutTouchPageIsAvailable" time="6.417"/>
</testsuite> <!-- AboutTouchPage.AboutTouchPageTest -->
