<?xml version="1.0" encoding="UTF-8"?>
<!-- Generated by org.testng.reporters.JUnitReportReporter -->
<testsuite hostname="DESKTOP-UOUIF1Q" failures="0" tests="8" name="CentralPage.CentralPageTest" time="46.262" errors="0" timestamp="08 Jun 2018 15:32:01 GMT" skipped="0">
  <testcase classname="CentralPage.CentralPageTest" name="centralPageUserIconDirection" time="5.620"/>
  <testcase classname="CentralPage.CentralPageTest" name="loginIsPossibleWithAdmin" time="5.788"/>
  <testcase classname="CentralPage.CentralPageTest" name="centralPageMetLifeIconDirection" time="6.544"/>
  <testcase classname="CentralPage.CentralPageTest" name="permissionsAreVisibleAsAdmin" time="5.529"/>
  <testcase classname="CentralPage.CentralPageTest" name="loginIsPossibleWithJurisdiction" time="5.599"/>
  <testcase classname="CentralPage.CentralPageTest" name="centralPageHamburgerMenuElementsAreAvailableWithAdmin" time="5.654"/>
  <testcase classname="CentralPage.CentralPageTest" name="centralPageHamburgerMenuElementsAreAvailableWithJurisdiction" time="5.749"/>
  <testcase classname="CentralPage.CentralPageTest" name="centralPageBreadcrumb" time="5.779"/>
</testsuite> <!-- CentralPage.CentralPageTest -->
