<?xml version="1.0" encoding="UTF-8"?>
<!-- Generated by org.testng.reporters.JUnitReportReporter -->
<testsuite hostname="DESKTOP-UOUIF1Q" failures="0" tests="7" name="CentralPage.CentralPageTest" time="40.178" errors="0" timestamp="08 Jun 2018 15:57:26 GMT" skipped="0">
  <testcase classname="CentralPage.CentralPageTest" name="centralPageLoginIsPossibleWithJurisdiction" time="5.803"/>
  <testcase classname="CentralPage.CentralPageTest" name="centralPageUserIconDirection" time="5.429"/>
  <testcase classname="CentralPage.CentralPageTest" name="centralPageLoginIsPossibleWithAdmin" time="5.606"/>
  <testcase classname="CentralPage.CentralPageTest" name="centralPageCentralPageBreadcrumb" time="5.491"/>
  <testcase classname="CentralPage.CentralPageTest" name="centralPageMetLifeIconDirection" time="6.170"/>
  <testcase classname="CentralPage.CentralPageTest" name="centralPageHamburgerMenuElementsAreAvailableWithJurisdiction" time="5.886"/>
  <testcase classname="CentralPage.CentralPageTest" name="centralPageHamburgerMenuElementsAreAvailableWithAdmin" time="5.793"/>
</testsuite> <!-- CentralPage.CentralPageTest -->
