<?xml version="1.0" encoding="UTF-8"?>
<!-- Generated by org.testng.reporters.JUnitReportReporter -->
<testsuite hostname="DESKTOP-UOUIF1Q" failures="0" tests="14" name="UserProfilePage.UserProfilePageTest" time="82.163" errors="0" timestamp="07 Jun 2018 17:17:57 GMT" skipped="0">
  <testcase classname="UserProfilePage.UserProfilePageTest" name="AboutTouchMetlifeIcondirection" time="7.194"/>
  <testcase classname="UserProfilePage.UserProfilePageTest" name="clickOnBackButtonFromAnotherPage" time="5.576"/>
  <testcase classname="UserProfilePage.UserProfilePageTest" name="permissionIsVisibleAsJurisdiction" time="5.569"/>
  <testcase classname="UserProfilePage.UserProfilePageTest" name="clickOnLogoutButton" time="5.960"/>
  <testcase classname="UserProfilePage.UserProfilePageTest" name="clickOnBackButtonAfterLogin" time="5.626"/>
  <testcase classname="UserProfilePage.UserProfilePageTest" name="UserProfileUserIcondirection" time="5.487"/>
  <testcase classname="UserProfilePage.UserProfilePageTest" name="AboutTouchHamburgerMenuElementsAreAvailable" time="6.243"/>
  <testcase classname="UserProfilePage.UserProfilePageTest" name="UserProfileTestBreadctumbs" time="5.616"/>
  <testcase classname="UserProfilePage.UserProfilePageTest" name="pageIsAvailable" time="7.402"/>
  <testcase classname="UserProfilePage.UserProfilePageTest" name="permissionsAreVisibleAsAdmin" time="5.284"/>
  <testcase classname="UserProfilePage.UserProfilePageTest" name="UserProfileMetlifeIcondirection" time="5.819"/>
  <testcase classname="UserProfilePage.UserProfilePageTest" name="permissionIsVisibleAsAdmin" time="5.209"/>
  <testcase classname="UserProfilePage.UserProfilePageTest" name="UserProfileHamburgerMenuElementsAreAvailable" time="5.208"/>
  <testcase classname="UserProfilePage.UserProfilePageTest" name="AboutTouchBreadcrumbs" time="5.970"/>
</testsuite> <!-- UserProfilePage.UserProfilePageTest -->
