<?xml version="1.0" encoding="UTF-8"?>
<!-- Generated by org.testng.reporters.JUnitReportReporter -->
<testsuite hostname="DESKTOP-1GP91JD" failures="0" tests="1" name="Cucumber.Runner.TestRunner" time="29.785" errors="0" timestamp="14 Jun 2018 15:41:44 GMT" skipped="0">
  <testcase classname="Cucumber.Runner.TestRunner" name="feature" time="29.785"/>
</testsuite> <!-- Cucumber.Runner.TestRunner -->
