<?xml version="1.0" encoding="UTF-8"?>
<!-- Generated by org.testng.reporters.JUnitReportReporter -->
<testsuite hostname="DESKTOP-UOUIF1Q" failures="0" tests="3" name="TouchpointPage.TouchpointPageTest" time="20.635" errors="0" timestamp="08 Jun 2018 15:57:26 GMT" skipped="0">
  <testcase classname="TouchpointPage.TouchpointPageTest" name="touchpointIsReachable" time="6.672"/>
  <testcase classname="TouchpointPage.TouchpointPageTest" name="third" time="6.883"/>
  <testcase classname="TouchpointPage.TouchpointPageTest" name="second" time="7.080"/>
</testsuite> <!-- TouchpointPage.TouchpointPageTest -->
