<?xml version="1.0" encoding="UTF-8"?>
<!-- Generated by org.testng.reporters.JUnitReportReporter -->
<testsuite hostname="DESKTOP-UOUIF1Q" failures="0" tests="7" name="DashboardPage.DashboardPageTest" time="51.024" errors="0" timestamp="08 Jun 2018 15:57:26 GMT" skipped="0">
  <testcase classname="DashboardPage.DashboardPageTest" name="dashboardHamburgerMenuElementsAreAvailableAsMixedUser" time="7.060"/>
  <testcase classname="DashboardPage.DashboardPageTest" name="dashboardUserIconDirection" time="8.074"/>
  <testcase classname="DashboardPage.DashboardPageTest" name="dashboardBreadcrumb" time="7.054"/>
  <testcase classname="DashboardPage.DashboardPageTest" name="dashboardDropdownListElementsAreAvailable" time="7.913"/>
  <testcase classname="DashboardPage.DashboardPageTest" name="dashboardMetLifeIconDirection" time="7.875"/>
  <testcase classname="DashboardPage.DashboardPageTest" name="dashboardPageIsAvailableThroughLink" time="6.691"/>
  <testcase classname="DashboardPage.DashboardPageTest" name="dashboardPageIsAvailableThroughHamburger" time="6.357"/>
</testsuite> <!-- DashboardPage.DashboardPageTest -->
